# JRE version: OpenJDK Runtime Environment Temurin-21.0.10+7 (21.0.10+7) (build 21.0.10+7-LTS)
# Java VM: OpenJDK 64-Bit Server VM Temurin-21.0.10+7 (21.0.10+7-LTS, mixed mode, sharing, tiered, compressed oops, compressed class ptrs, parallel gc, windows-amd64)
GC Precious Log:
 CardTable entry size: 512
 CPUs: 20 total, 20 available
 Memory: 16008M
 Large Page Support: Disabled
 NUMA Support: Disabled
 Compressed Oops: Enabled (32-bit)
 Alignments: Space 512K, Generation 512K, Heap 2M
 Heap Min Capacity: 100M
 Heap Initial Capacity: 100M
 Heap Max Capacity: 2G
 Pre-touch: Disabled
 Parallel Workers: 15
Heap:
 PSYoungGen      total 6656K, used 5532K [0x00000000d5580000, 0x00000000d5d00000, 0x0000000100000000)
  eden space 5632K, 87% used [0x00000000d5580000,0x00000000d5a502f8,0x00000000d5b00000)
  from space 1024K, 59% used [0x00000000d5b00000,0x00000000d5b99420,0x00000000d5c00000)
  to   space 1024K, 0% used [0x00000000d5c00000,0x00000000d5c00000,0x00000000d5d00000)
 ParOldGen       total 393216K, used 393162K [0x0000000080000000, 0x0000000098000000, 0x00000000d5580000)
  object space 393216K, 99% used [0x0000000080000000,0x0000000097ff2a88,0x0000000098000000)
 Metaspace       used 100976K, committed 102784K, reserved 1179648K
  class space    used 11115K, committed 11904K, reserved 1048576K
GC Heap History (20 events):
Event: 13146.892 GC heap before
{Heap before GC invocations=819 (full 4):
 PSYoungGen      total 6144K, used 5920K [0x00000000d5580000, 0x00000000d5c80000, 0x0000000100000000)
  eden space 5632K, 100% used [0x00000000d5580000,0x00000000d5b00000,0x00000000d5b00000)
  from space 512K, 56% used [0x00000000d5c00000,0x00000000d5c48000,0x00000000d5c80000)
  to   space 512K, 0% used [0x00000000d5b80000,0x00000000d5b80000,0x00000000d5c00000)
 ParOldGen       total 392192K, used 391686K [0x0000000080000000, 0x0000000097f00000, 0x00000000d5580000)
  object space 392192K, 99% used [0x0000000080000000,0x0000000097e81a18,0x0000000097f00000)
 Metaspace       used 100588K, committed 102400K, reserved 1179648K
  class space    used 11085K, committed 11904K, reserved 1048576K
}
Event: 13146.893 GC heap after
{Heap after GC invocations=819 (full 4):
 PSYoungGen      total 6144K, used 320K [0x00000000d5580000, 0x00000000d5c80000, 0x0000000100000000)
  eden space 5632K, 0% used [0x00000000d5580000,0x00000000d5580000,0x00000000d5b00000)
  from space 512K, 62% used [0x00000000d5b80000,0x00000000d5bd0000,0x00000000d5c00000)
  to   space 512K, 0% used [0x00000000d5c00000,0x00000000d5c00000,0x00000000d5c80000)
 ParOldGen       total 392192K, used 391742K [0x0000000080000000, 0x0000000097f00000, 0x00000000d5580000)
  object space 392192K, 99% used [0x0000000080000000,0x0000000097e8fa18,0x0000000097f00000)
 Metaspace       used 100588K, committed 102400K, reserved 1179648K
  class space    used 11085K, committed 11904K, reserved 1048576K
}
Event: 13146.923 GC heap before
{Heap before GC invocations=820 (full 4):
 PSYoungGen      total 6144K, used 5952K [0x00000000d5580000, 0x00000000d5c80000, 0x0000000100000000)
  eden space 5632K, 100% used [0x00000000d5580000,0x00000000d5b00000,0x00000000d5b00000)
  from space 512K, 62% used [0x00000000d5b80000,0x00000000d5bd0000,0x00000000d5c00000)
  to   space 512K, 0% used [0x00000000d5c00000,0x00000000d5c00000,0x00000000d5c80000)
 ParOldGen       total 392192K, used 391742K [0x0000000080000000, 0x0000000097f00000, 0x00000000d5580000)
  object space 392192K, 99% used [0x0000000080000000,0x0000000097e8fa18,0x0000000097f00000)
 Metaspace       used 100588K, committed 102400K, reserved 1179648K
  class space    used 11085K, committed 11904K, reserved 1048576K
}
Event: 13146.924 GC heap after
{Heap after GC invocations=820 (full 4):
 PSYoungGen      total 6144K, used 192K [0x00000000d5580000, 0x00000000d5c80000, 0x0000000100000000)
  eden space 5632K, 0% used [0x00000000d5580000,0x00000000d5580000,0x00000000d5b00000)
  from space 512K, 37% used [0x00000000d5c00000,0x00000000d5c30000,0x00000000d5c80000)
  to   space 512K, 0% used [0x00000000d5b80000,0x00000000d5b80000,0x00000000d5c00000)
 ParOldGen       total 392192K, used 391838K [0x0000000080000000, 0x0000000097f00000, 0x00000000d5580000)
  object space 392192K, 99% used [0x0000000080000000,0x0000000097ea7a18,0x0000000097f00000)
 Metaspace       used 100588K, committed 102400K, reserved 1179648K
  class space    used 11085K, committed 11904K, reserved 1048576K
}
Event: 13146.951 GC heap before
{Heap before GC invocations=821 (full 4):
 PSYoungGen      total 6144K, used 5824K [0x00000000d5580000, 0x00000000d5c80000, 0x0000000100000000)
  eden space 5632K, 100% used [0x00000000d5580000,0x00000000d5b00000,0x00000000d5b00000)
  from space 512K, 37% used [0x00000000d5c00000,0x00000000d5c30000,0x00000000d5c80000)
  to   space 512K, 0% used [0x00000000d5b80000,0x00000000d5b80000,0x00000000d5c00000)
 ParOldGen       total 392192K, used 391838K [0x0000000080000000, 0x0000000097f00000, 0x00000000d5580000)
  object space 392192K, 99% used [0x0000000080000000,0x0000000097ea7a18,0x0000000097f00000)
 Metaspace       used 100590K, committed 102400K, reserved 1179648K
  class space    used 11085K, committed 11904K, reserved 1048576K
}
Event: 13146.953 GC heap after
{Heap after GC invocations=821 (full 4):
 PSYoungGen      total 6144K, used 400K [0x00000000d5580000, 0x00000000d5c80000, 0x0000000100000000)
  eden space 5632K, 0% used [0x00000000d5580000,0x00000000d5580000,0x00000000d5b00000)
  from space 512K, 78% used [0x00000000d5b80000,0x00000000d5be4048,0x00000000d5c00000)
  to   space 512K, 0% used [0x00000000d5c00000,0x00000000d5c00000,0x00000000d5c80000)
 ParOldGen       total 392192K, used 391862K [0x0000000080000000, 0x0000000097f00000, 0x00000000d5580000)
  object space 392192K, 99% used [0x0000000080000000,0x0000000097eada18,0x0000000097f00000)
 Metaspace       used 100590K, committed 102400K, reserved 1179648K
  class space    used 11085K, committed 11904K, reserved 1048576K
}
Event: 13147.013 GC heap before
{Heap before GC invocations=822 (full 4):
 PSYoungGen      total 6144K, used 6032K [0x00000000d5580000, 0x00000000d5c80000, 0x0000000100000000)
  eden space 5632K, 100% used [0x00000000d5580000,0x00000000d5b00000,0x00000000d5b00000)
  from space 512K, 78% used [0x00000000d5b80000,0x00000000d5be4048,0x00000000d5c00000)
  to   space 512K, 0% used [0x00000000d5c00000,0x00000000d5c00000,0x00000000d5c80000)
 ParOldGen       total 392192K, used 391862K [0x0000000080000000, 0x0000000097f00000, 0x00000000d5580000)
  object space 392192K, 99% used [0x0000000080000000,0x0000000097eada18,0x0000000097f00000)
 Metaspace       used 100592K, committed 102400K, reserved 1179648K
  class space    used 11085K, committed 11904K, reserved 1048576K
}
Event: 13147.014 GC heap after
{Heap after GC invocations=822 (full 4):
 PSYoungGen      total 6144K, used 224K [0x00000000d5580000, 0x00000000d5c80000, 0x0000000100000000)
  eden space 5632K, 0% used [0x00000000d5580000,0x00000000d5580000,0x00000000d5b00000)
  from space 512K, 43% used [0x00000000d5c00000,0x00000000d5c38000,0x00000000d5c80000)
  to   space 512K, 0% used [0x00000000d5b80000,0x00000000d5b80000,0x00000000d5c00000)
 ParOldGen       total 392192K, used 391990K [0x0000000080000000, 0x0000000097f00000, 0x00000000d5580000)
  object space 392192K, 99% used [0x0000000080000000,0x0000000097ecda78,0x0000000097f00000)
 Metaspace       used 100592K, committed 102400K, reserved 1179648K
  class space    used 11085K, committed 11904K, reserved 1048576K
}
Event: 13147.080 GC heap before
{Heap before GC invocations=823 (full 4):
 PSYoungGen      total 6144K, used 5856K [0x00000000d5580000, 0x00000000d5c80000, 0x0000000100000000)
  eden space 5632K, 100% used [0x00000000d5580000,0x00000000d5b00000,0x00000000d5b00000)
  from space 512K, 43% used [0x00000000d5c00000,0x00000000d5c38000,0x00000000d5c80000)
  to   space 512K, 0% used [0x00000000d5b80000,0x00000000d5b80000,0x00000000d5c00000)
 ParOldGen       total 392192K, used 391990K [0x0000000080000000, 0x0000000097f00000, 0x00000000d5580000)
  object space 392192K, 99% used [0x0000000080000000,0x0000000097ecda78,0x0000000097f00000)
 Metaspace       used 100592K, committed 102400K, reserved 1179648K
  class space    used 11085K, committed 11904K, reserved 1048576K
}
Event: 13147.081 GC heap after
{Heap after GC invocations=823 (full 4):
 PSYoungGen      total 6144K, used 64K [0x00000000d5580000, 0x00000000d5c80000, 0x0000000100000000)
  eden space 5632K, 0% used [0x00000000d5580000,0x00000000d5580000,0x00000000d5b00000)
  from space 512K, 12% used [0x00000000d5b80000,0x00000000d5b90000,0x00000000d5c00000)
  to   space 512K, 0% used [0x00000000d5c00000,0x00000000d5c00000,0x00000000d5c80000)
 ParOldGen       total 392192K, used 392038K [0x0000000080000000, 0x0000000097f00000, 0x00000000d5580000)
  object space 392192K, 99% used [0x0000000080000000,0x0000000097ed9a78,0x0000000097f00000)
 Metaspace       used 100592K, committed 102400K, reserved 1179648K
  class space    used 11085K, committed 11904K, reserved 1048576K
}
Event: 13147.160 GC heap before
{Heap before GC invocations=824 (full 4):
 PSYoungGen      total 6144K, used 5696K [0x00000000d5580000, 0x00000000d5c80000, 0x0000000100000000)
  eden space 5632K, 100% used [0x00000000d5580000,0x00000000d5b00000,0x00000000d5b00000)
  from space 512K, 12% used [0x00000000d5b80000,0x00000000d5b90000,0x00000000d5c00000)
  to   space 512K, 0% used [0x00000000d5c00000,0x00000000d5c00000,0x00000000d5c80000)
 ParOldGen       total 392192K, used 392038K [0x0000000080000000, 0x0000000097f00000, 0x00000000d5580000)
  object space 392192K, 99% used [0x0000000080000000,0x0000000097ed9a78,0x0000000097f00000)
 Metaspace       used 100607K, committed 102400K, reserved 1179648K
  class space    used 11086K, committed 11904K, reserved 1048576K
}
Event: 13147.162 GC heap after
{Heap after GC invocations=824 (full 4):
 PSYoungGen      total 6144K, used 494K [0x00000000d5580000, 0x00000000d5d00000, 0x0000000100000000)
  eden space 5632K, 0% used [0x00000000d5580000,0x00000000d5580000,0x00000000d5b00000)
  from space 512K, 96% used [0x00000000d5c00000,0x00000000d5c7ba50,0x00000000d5c80000)
  to   space 1024K, 0% used [0x00000000d5b00000,0x00000000d5b00000,0x00000000d5c00000)
 ParOldGen       total 392704K, used 392302K [0x0000000080000000, 0x0000000097f80000, 0x00000000d5580000)
  object space 392704K, 99% used [0x0000000080000000,0x0000000097f1ba78,0x0000000097f80000)
 Metaspace       used 100607K, committed 102400K, reserved 1179648K
  class space    used 11086K, committed 11904K, reserved 1048576K
}
Event: 13147.172 GC heap before
{Heap before GC invocations=825 (full 4):
 PSYoungGen      total 6144K, used 6126K [0x00000000d5580000, 0x00000000d5d00000, 0x0000000100000000)
  eden space 5632K, 100% used [0x00000000d5580000,0x00000000d5b00000,0x00000000d5b00000)
  from space 512K, 96% used [0x00000000d5c00000,0x00000000d5c7ba50,0x00000000d5c80000)
  to   space 1024K, 0% used [0x00000000d5b00000,0x00000000d5b00000,0x00000000d5c00000)
 ParOldGen       total 392704K, used 392302K [0x0000000080000000, 0x0000000097f80000, 0x00000000d5580000)
  object space 392704K, 99% used [0x0000000080000000,0x0000000097f1ba78,0x0000000097f80000)
 Metaspace       used 100607K, committed 102400K, reserved 1179648K
  class space    used 11086K, committed 11904K, reserved 1048576K
}
Event: 13147.174 GC heap after
{Heap after GC invocations=825 (full 4):
 PSYoungGen      total 6656K, used 160K [0x00000000d5580000, 0x00000000d5c80000, 0x0000000100000000)
  eden space 5632K, 0% used [0x00000000d5580000,0x00000000d5580000,0x00000000d5b00000)
  from space 1024K, 15% used [0x00000000d5b00000,0x00000000d5b28000,0x00000000d5c00000)
  to   space 512K, 0% used [0x00000000d5c00000,0x00000000d5c00000,0x00000000d5c80000)
 ParOldGen       total 392704K, used 392598K [0x0000000080000000, 0x0000000097f80000, 0x00000000d5580000)
  object space 392704K, 99% used [0x0000000080000000,0x0000000097f65a78,0x0000000097f80000)
 Metaspace       used 100607K, committed 102400K, reserved 1179648K
  class space    used 11086K, committed 11904K, reserved 1048576K
}
Event: 13147.191 GC heap before
{Heap before GC invocations=826 (full 4):
 PSYoungGen      total 6656K, used 5665K [0x00000000d5580000, 0x00000000d5c80000, 0x0000000100000000)
  eden space 5632K, 97% used [0x00000000d5580000,0x00000000d5ae0538,0x00000000d5b00000)
  from space 1024K, 15% used [0x00000000d5b00000,0x00000000d5b28000,0x00000000d5c00000)
  to   space 512K, 0% used [0x00000000d5c00000,0x00000000d5c00000,0x00000000d5c80000)
 ParOldGen       total 392704K, used 392598K [0x0000000080000000, 0x0000000097f80000, 0x00000000d5580000)
  object space 392704K, 99% used [0x0000000080000000,0x0000000097f65a78,0x0000000097f80000)
 Metaspace       used 100607K, committed 102400K, reserved 1179648K
  class space    used 11086K, committed 11904K, reserved 1048576K
}
Event: 13147.193 GC heap after
{Heap after GC invocations=826 (full 4):
 PSYoungGen      total 6144K, used 256K [0x00000000d5580000, 0x00000000d5c80000, 0x0000000100000000)
  eden space 5632K, 0% used [0x00000000d5580000,0x00000000d5580000,0x00000000d5b00000)
  from space 512K, 50% used [0x00000000d5c00000,0x00000000d5c40000,0x00000000d5c80000)
  to   space 512K, 0% used [0x00000000d5b80000,0x00000000d5b80000,0x00000000d5c00000)
 ParOldGen       total 392704K, used 392654K [0x0000000080000000, 0x0000000097f80000, 0x00000000d5580000)
  object space 392704K, 99% used [0x0000000080000000,0x0000000097f73a78,0x0000000097f80000)
 Metaspace       used 100607K, committed 102400K, reserved 1179648K
  class space    used 11086K, committed 11904K, reserved 1048576K
}
Event: 13147.320 GC heap before
{Heap before GC invocations=827 (full 4):
 PSYoungGen      total 6144K, used 5888K [0x00000000d5580000, 0x00000000d5c80000, 0x0000000100000000)
  eden space 5632K, 100% used [0x00000000d5580000,0x00000000d5b00000,0x00000000d5b00000)
  from space 512K, 50% used [0x00000000d5c00000,0x00000000d5c40000,0x00000000d5c80000)
  to   space 512K, 0% used [0x00000000d5b80000,0x00000000d5b80000,0x00000000d5c00000)
 ParOldGen       total 392704K, used 392654K [0x0000000080000000, 0x0000000097f80000, 0x00000000d5580000)
  object space 392704K, 99% used [0x0000000080000000,0x0000000097f73a78,0x0000000097f80000)
 Metaspace       used 100639K, committed 102464K, reserved 1179648K
  class space    used 11086K, committed 11904K, reserved 1048576K
}
Event: 13147.321 GC heap after
{Heap after GC invocations=827 (full 4):
 PSYoungGen      total 6144K, used 480K [0x00000000d5580000, 0x00000000d5d00000, 0x0000000100000000)
  eden space 5632K, 0% used [0x00000000d5580000,0x00000000d5580000,0x00000000d5b00000)
  from space 512K, 93% used [0x00000000d5b80000,0x00000000d5bf8000,0x00000000d5c00000)
  to   space 1024K, 0% used [0x00000000d5c00000,0x00000000d5c00000,0x00000000d5d00000)
 ParOldGen       total 393216K, used 392726K [0x0000000080000000, 0x0000000098000000, 0x00000000d5580000)
  object space 393216K, 99% used [0x0000000080000000,0x0000000097f85a78,0x0000000098000000)
 Metaspace       used 100639K, committed 102464K, reserved 1179648K
  class space    used 11086K, committed 11904K, reserved 1048576K
}
Event: 13147.336 GC heap before
{Heap before GC invocations=828 (full 4):
 PSYoungGen      total 6144K, used 6112K [0x00000000d5580000, 0x00000000d5d00000, 0x0000000100000000)
  eden space 5632K, 100% used [0x00000000d5580000,0x00000000d5b00000,0x00000000d5b00000)
  from space 512K, 93% used [0x00000000d5b80000,0x00000000d5bf8000,0x00000000d5c00000)
  to   space 1024K, 0% used [0x00000000d5c00000,0x00000000d5c00000,0x00000000d5d00000)
 ParOldGen       total 393216K, used 392726K [0x0000000080000000, 0x0000000098000000, 0x00000000d5580000)
  object space 393216K, 99% used [0x0000000080000000,0x0000000097f85a78,0x0000000098000000)
 Metaspace       used 100674K, committed 102528K, reserved 1179648K
  class space    used 11089K, committed 11904K, reserved 1048576K
}
Event: 13147.337 GC heap after
{Heap after GC invocations=828 (full 4):
 PSYoungGen      total 6656K, used 640K [0x00000000d5580000, 0x00000000d5d00000, 0x0000000100000000)
  eden space 5632K, 0% used [0x00000000d5580000,0x00000000d5580000,0x00000000d5b00000)
  from space 1024K, 62% used [0x00000000d5c00000,0x00000000d5ca0000,0x00000000d5d00000)
  to   space 1024K, 0% used [0x00000000d5b00000,0x00000000d5b00000,0x00000000d5c00000)
 ParOldGen       total 393216K, used 392886K [0x0000000080000000, 0x0000000098000000, 0x00000000d5580000)
  object space 393216K, 99% used [0x0000000080000000,0x0000000097fada78,0x0000000098000000)
 Metaspace       used 100674K, committed 102528K, reserved 1179648K
  class space    used 11089K, committed 11904K, reserved 1048576K
}

